<?xml version="1.0" encoding="UTF-8"?>
<!-- Generated by org.testng.reporters.JUnitReportReporter -->
<testsuite hostname="DESKTOP-V38E72M" failures="0" tests="1" name="POM.Rough" time="0.066" errors="0" timestamp="2021-01-12T13:37:12 IST" skipped="0">
  <testcase classname="POM.Rough" name="abc" time="0.066"/>
  <system-out/>
</testsuite> <!-- POM.Rough -->
