<?xml version="1.0" encoding="UTF-8"?>
<!-- Generated by org.testng.reporters.JUnitReportReporter -->
<testsuite hostname="LAPTOP-DHR1V4R7" failures="0" tests="3" name="TestCases.ContactsPageTest" time="215.630" errors="0" timestamp="2021-04-20T23:47:41 IST" skipped="0">
  <testcase classname="TestCases.ContactsPageTest" name="contactsPageTest" time="70.056"/>
  <system-out/>
  <testcase classname="TestCases.ContactsPageTest" name="contactsPageTest" time="45.468"/>
  <system-out/>
  <testcase classname="TestCases.ContactsPageTest" name="contactsPageTest" time="100.106"/>
  <system-out/>
</testsuite> <!-- TestCases.ContactsPageTest -->
