<?xml version="1.0" encoding="UTF-8"?>
<!-- Generated by org.testng.reporters.JUnitReportReporter -->
<testsuite hostname="DESKTOP-V38E72M" failures="0" tests="1" name="TestBase.TestBase" time="0.037" errors="0" timestamp="2021-01-12T14:24:46 IST" skipped="0">
  <testcase classname="TestBase.TestBase" name="ab" time="0.037"/>
  <system-out/>
</testsuite> <!-- TestBase.TestBase -->
