<?xml version="1.0" encoding="UTF-8"?>
<!-- Generated by org.testng.reporters.JUnitReportReporter -->
<testsuite hostname="LAPTOP-DHR1V4R7" failures="0" tests="3" name="TestCases.ContactsPageTest" time="217.987" errors="0" timestamp="2021-04-25T20:09:49 IST" skipped="0">
  <testcase classname="TestCases.ContactsPageTest" name="contactsPageTest" time="98.927"/>
  <system-out/>
  <testcase classname="TestCases.ContactsPageTest" name="contactsPageTest" time="47.182"/>
  <system-out/>
  <testcase classname="TestCases.ContactsPageTest" name="contactsPageTest" time="71.878"/>
  <system-out/>
</testsuite> <!-- TestCases.ContactsPageTest -->
