<?xml version="1.0" encoding="UTF-8"?>
<!-- Generated by org.testng.reporters.JUnitReportReporter -->
<testsuite hostname="LAPTOP-DHR1V4R7" failures="0" tests="3" name="TestCases.ContactsPageTest" time="128.279" errors="0" timestamp="2021-04-20T00:33:42 IST" skipped="0">
  <testcase classname="TestCases.ContactsPageTest" name="contactsPageTest" time="43.284"/>
  <system-out/>
  <testcase classname="TestCases.ContactsPageTest" name="contactsPageTest" time="42.524"/>
  <system-out/>
  <testcase classname="TestCases.ContactsPageTest" name="contactsPageTest" time="42.471"/>
  <system-out/>
</testsuite> <!-- TestCases.ContactsPageTest -->
