<?xml version="1.0" encoding="UTF-8"?>
<!-- Generated by org.testng.reporters.JUnitReportReporter -->
<testsuite hostname="LAPTOP-DHR1V4R7" failures="0" tests="1" name="TestCases.CalendarPageTest" time="0.000" errors="0" timestamp="2021-04-26T19:34:48 IST" skipped="1">
  <testcase classname="TestCases.CalendarPageTest" name="calenderPageTest" time="0.000">
    <skipped/>
  </testcase> <!-- calenderPageTest -->
  <system-out/>
</testsuite> <!-- TestCases.CalendarPageTest -->
