<?xml version="1.0" encoding="UTF-8"?>
<!-- Generated by org.testng.reporters.JUnitReportReporter -->
<testsuite hostname="DESKTOP-V38E72M" failures="0" tests="1" name="TestCases.HomePageTest" time="17.999" errors="0" timestamp="2021-01-12T16:41:40 IST" skipped="0">
  <testcase classname="TestCases.HomePageTest" name="HomePageTests" time="17.999"/>
  <system-out/>
</testsuite> <!-- TestCases.HomePageTest -->
