<?xml version="1.0" encoding="UTF-8"?>
<!-- Generated by org.testng.reporters.JUnitReportReporter -->
<testsuite hostname="LAPTOP-DHR1V4R7" failures="0" tests="3" name="TestCases.LoginPageTest" time="73.653" errors="0" timestamp="2021-04-15T22:38:02 IST" skipped="0">
  <testcase classname="TestCases.LoginPageTest" name="loginPageTest" time="47.520"/>
  <system-out/>
  <testcase classname="TestCases.LoginPageTest" name="loginPageTest" time="13.978"/>
  <system-out/>
  <testcase classname="TestCases.LoginPageTest" name="loginPageTest" time="12.155"/>
  <system-out/>
</testsuite> <!-- TestCases.LoginPageTest -->
