<?xml version="1.0" encoding="UTF-8"?>
<!-- Generated by org.testng.reporters.JUnitReportReporter -->
<testsuite hostname="LAPTOP-DHR1V4R7" failures="0" tests="1" name="TestCases.LoginPageTest" time="0.000" errors="0" timestamp="2021-04-21T22:55:00 IST" skipped="1">
  <testcase classname="TestCases.LoginPageTest" name="loginPageTest" time="0.000">
    <skipped/>
  </testcase> <!-- loginPageTest -->
  <system-out/>
</testsuite> <!-- TestCases.LoginPageTest -->
